<?xml version="1.0" encoding="UTF-8"?>
<!-- Generated by org.testng.reporters.JUnitXMLReporter -->
<testsuite hostname="LAPTOP-9Q2QO88G" name="Test2" tests="16" failures="0" timestamp="1 Apr 2022 07:20:54 GMT" time="15.635" errors="0">
  <testcase name="@BeforeClass beforeClass" time="0.0" classname="com.flipkart.Tset">
    <failure type="org.openqa.selenium.WebDriverException" message="chrome not reachable
  (Session info: chrome=99.0.4844.84)
Build info: version: &amp;apos;3.141.59&amp;apos;, revision: &amp;apos;e82be7d358&amp;apos;, time: &amp;apos;2018-11-14T08:17:03&amp;apos;
System info: host: &amp;apos;LAPTOP-9Q2QO88G&amp;apos;, ip: &amp;apos;192.168.1.101&amp;apos;, os.name: &amp;apos;Windows 10&amp;apos;, os.arch: &amp;apos;amd64&amp;apos;, os.version: &amp;apos;10.0&amp;apos;, java.version: &amp;apos;1.8.0_301&amp;apos;
Driver info: org.openqa.selenium.chrome.ChromeDriver
Capabilities {acceptInsecureCerts: false, browserName: chrome, browserVersion: 99.0.4844.84, chrome: {chromedriverVersion: 99.0.4844.51 (d537ec02474b5..., userDataDir: C:\Users\RAMANI~1\AppData\L...}, goog:chromeOptions: {debuggerAddress: localhost:65237}, javascriptEnabled: true, networkConnectionEnabled: false, pageLoadStrategy: normal, platform: WINDOWS, platformName: WINDOWS, proxy: Proxy(), setWindowRect: true, strictFileInteractability: false, timeouts: {implicit: 0, pageLoad: 300000, script: 30000}, unhandledPromptBehavior: dismiss and notify, webauthn:extension:credBlob: true, webauthn:extension:largeBlob: true, webauthn:virtualAuthenticators: true}
Session ID: fd1cb1eb299497a7184a09458c3fdd62">
      <![CDATA[org.openqa.selenium.WebDriverException: chrome not reachable
  (Session info: chrome=99.0.4844.84)
Build info: version: '3.141.59', revision: 'e82be7d358', time: '2018-11-14T08:17:03'
System info: host: 'LAPTOP-9Q2QO88G', ip: '192.168.1.101', os.name: 'Windows 10', os.arch: 'amd64', os.version: '10.0', java.version: '1.8.0_301'
Driver info: org.openqa.selenium.chrome.ChromeDriver
Capabilities {acceptInsecureCerts: false, browserName: chrome, browserVersion: 99.0.4844.84, chrome: {chromedriverVersion: 99.0.4844.51 (d537ec02474b5..., userDataDir: C:\Users\RAMANI~1\AppData\L...}, goog:chromeOptions: {debuggerAddress: localhost:65237}, javascriptEnabled: true, networkConnectionEnabled: false, pageLoadStrategy: normal, platform: WINDOWS, platformName: WINDOWS, proxy: Proxy(), setWindowRect: true, strictFileInteractability: false, timeouts: {implicit: 0, pageLoad: 300000, script: 30000}, unhandledPromptBehavior: dismiss and notify, webauthn:extension:credBlob: true, webauthn:extension:largeBlob: true, webauthn:virtualAuthenticators: true}
Session ID: fd1cb1eb299497a7184a09458c3fdd62
	at org.openqa.selenium.remote.http.W3CHttpResponseCodec.createException(W3CHttpResponseCodec.java:187)
	at org.openqa.selenium.remote.http.W3CHttpResponseCodec.decode(W3CHttpResponseCodec.java:122)
	at org.openqa.selenium.remote.http.W3CHttpResponseCodec.decode(W3CHttpResponseCodec.java:49)
	at org.openqa.selenium.remote.HttpCommandExecutor.execute(HttpCommandExecutor.java:158)
	at org.openqa.selenium.remote.service.DriverCommandExecutor.execute(DriverCommandExecutor.java:83)
	at org.openqa.selenium.remote.RemoteWebDriver.execute(RemoteWebDriver.java:552)
	at org.openqa.selenium.remote.RemoteWebDriver.execute(RemoteWebDriver.java:609)
	at org.openqa.selenium.remote.RemoteWebDriver$RemoteWebDriverOptions$RemoteWindow.maximize(RemoteWebDriver.java:837)
	at com.flipkart.Tset.beforeClass(Tset.java:29)
... Removed 28 stack frames]]>
    </failure>
  </testcase> <!-- @BeforeClass beforeClass -->
  <testcase name="@BeforeMethod beforScript" time="0.0" classname="com.flipkart.Tset">
    <skipped/>
  </testcase> <!-- @BeforeMethod beforScript -->
  <testcase name="@AfterMethod afterScript" time="0.0" classname="com.flipkart.Tset">
    <skipped/>
  </testcase> <!-- @AfterMethod afterScript -->
  <testcase name="@BeforeMethod beforScript" time="0.0" classname="com.flipkart.Tset">
    <skipped/>
  </testcase> <!-- @BeforeMethod beforScript -->
  <testcase name="@AfterMethod afterScript" time="0.0" classname="com.flipkart.Tset">
    <skipped/>
  </testcase> <!-- @AfterMethod afterScript -->
  <testcase name="@BeforeMethod beforScript" time="0.0" classname="com.flipkart.Tset">
    <skipped/>
  </testcase> <!-- @BeforeMethod beforScript -->
  <testcase name="@AfterMethod afterScript" time="0.0" classname="com.flipkart.Tset">
    <skipped/>
  </testcase> <!-- @AfterMethod afterScript -->
  <testcase name="@BeforeMethod beforScript" time="0.0" classname="com.flipkart.Tset">
    <skipped/>
  </testcase> <!-- @BeforeMethod beforScript -->
  <testcase name="@AfterMethod afterScript" time="0.0" classname="com.flipkart.Tset">
    <skipped/>
  </testcase> <!-- @AfterMethod afterScript -->
  <testcase name="@BeforeMethod beforScript" time="0.0" classname="com.flipkart.Tset">
    <skipped/>
  </testcase> <!-- @BeforeMethod beforScript -->
  <testcase name="@AfterMethod afterScript" time="0.0" classname="com.flipkart.Tset">
    <skipped/>
  </testcase> <!-- @AfterMethod afterScript -->
  <testcase name="@BeforeMethod beforScript" time="0.0" classname="com.flipkart.Tset">
    <skipped/>
  </testcase> <!-- @BeforeMethod beforScript -->
  <testcase name="@AfterMethod afterScript" time="0.0" classname="com.flipkart.Tset">
    <skipped/>
  </testcase> <!-- @AfterMethod afterScript -->
  <testcase name="@BeforeMethod beforScript" time="0.0" classname="com.flipkart.Tset">
    <skipped/>
  </testcase> <!-- @BeforeMethod beforScript -->
  <testcase name="@AfterMethod afterScript" time="0.0" classname="com.flipkart.Tset">
    <skipped/>
  </testcase> <!-- @AfterMethod afterScript -->
  <testcase name="@BeforeMethod beforScript" time="0.0" classname="com.flipkart.Tset">
    <skipped/>
  </testcase> <!-- @BeforeMethod beforScript -->
  <testcase name="@AfterMethod afterScript" time="0.0" classname="com.flipkart.Tset">
    <skipped/>
  </testcase> <!-- @AfterMethod afterScript -->
  <testcase name="@AfterClass afterClass" time="0.0" classname="com.flipkart.Tset">
    <skipped/>
  </testcase> <!-- @AfterClass afterClass -->
  <testcase name="login" time="0.139" classname="com.flipkart.Tset1"/>
  <testcase name="search" time="0.248" classname="com.flipkart.Tset1"/>
  <testcase name="mobileSelect" time="1.024" classname="com.flipkart.Tset1"/>
  <testcase name="mobileSelect" time="0.113" classname="com.flipkart.Tset1"/>
  <testcase name="mobileSelect" time="0.135" classname="com.flipkart.Tset1"/>
  <testcase name="mobileSelect" time="0.171" classname="com.flipkart.Tset1"/>
  <testcase name="mobileSelect" time="0.111" classname="com.flipkart.Tset1"/>
  <testcase name="window" time="0.182" classname="com.flipkart.Tset1"/>
  <testcase name="login" time="0.0" classname="com.flipkart.Tset">
    <skipped/>
  </testcase> <!-- login -->
  <testcase name="search" time="0.0" classname="com.flipkart.Tset">
    <skipped/>
  </testcase> <!-- search -->
  <testcase name="mobileSelect" time="0.0" classname="com.flipkart.Tset">
    <skipped/>
  </testcase> <!-- mobileSelect -->
  <testcase name="mobileSelect" time="0.0" classname="com.flipkart.Tset">
    <skipped/>
  </testcase> <!-- mobileSelect -->
  <testcase name="mobileSelect" time="0.0" classname="com.flipkart.Tset">
    <skipped/>
  </testcase> <!-- mobileSelect -->
  <testcase name="mobileSelect" time="0.0" classname="com.flipkart.Tset">
    <skipped/>
  </testcase> <!-- mobileSelect -->
  <testcase name="mobileSelect" time="0.0" classname="com.flipkart.Tset">
    <skipped/>
  </testcase> <!-- mobileSelect -->
  <testcase name="window" time="0.0" classname="com.flipkart.Tset">
    <skipped/>
  </testcase> <!-- window -->
</testsuite> <!-- Test2 -->
